Determining if the pthread_create exist failed with the following output:
Change Dir: /home/jon/ROCO318/catkin_ws/build/CMakeFiles/CMakeTmp

Run Build Command:"/usr/bin/make" "cmTC_bb9c9/fast"
/usr/bin/make -f CMakeFiles/cmTC_bb9c9.dir/build.make CMakeFiles/cmTC_bb9c9.dir/build
make[1]: Entering directory '/home/jon/ROCO318/catkin_ws/build/CMakeFiles/CMakeTmp'
Building C object CMakeFiles/cmTC_bb9c9.dir/CheckSymbolExists.c.o
/usr/bin/cc     -o CMakeFiles/cmTC_bb9c9.dir/CheckSymbolExists.c.o   -c /home/jon/ROCO318/catkin_ws/build/CMakeFiles/CMakeTmp/CheckSymbolExists.c
Linking C executable cmTC_bb9c9
/usr/bin/cmake -E cmake_link_script CMakeFiles/cmTC_bb9c9.dir/link.txt --verbose=1
/usr/bin/cc       CMakeFiles/cmTC_bb9c9.dir/CheckSymbolExists.c.o  -o cmTC_bb9c9 -rdynamic 
CMakeFiles/cmTC_bb9c9.dir/CheckSymbolExists.c.o: In function `main':
CheckSymbolExists.c:(.text+0x16): undefined reference to `pthread_create'
collect2: error: ld returned 1 exit status
CMakeFiles/cmTC_bb9c9.dir/build.make:97: recipe for target 'cmTC_bb9c9' failed
make[1]: *** [cmTC_bb9c9] Error 1
make[1]: Leaving directory '/home/jon/ROCO318/catkin_ws/build/CMakeFiles/CMakeTmp'
Makefile:126: recipe for target 'cmTC_bb9c9/fast' failed
make: *** [cmTC_bb9c9/fast] Error 2

File /home/jon/ROCO318/catkin_ws/build/CMakeFiles/CMakeTmp/CheckSymbolExists.c:
/* */
#include <pthread.h>

int main(int argc, char** argv)
{
  (void)argv;
#ifndef pthread_create
  return ((int*)(&pthread_create))[argc];
#else
  (void)argc;
  return 0;
#endif
}

Determining if the function pthread_create exists in the pthreads failed with the following output:
Change Dir: /home/jon/ROCO318/catkin_ws/build/CMakeFiles/CMakeTmp

Run Build Command:"/usr/bin/make" "cmTC_ad044/fast"
/usr/bin/make -f CMakeFiles/cmTC_ad044.dir/build.make CMakeFiles/cmTC_ad044.dir/build
make[1]: Entering directory '/home/jon/ROCO318/catkin_ws/build/CMakeFiles/CMakeTmp'
Building C object CMakeFiles/cmTC_ad044.dir/CheckFunctionExists.c.o
/usr/bin/cc    -DCHECK_FUNCTION_EXISTS=pthread_create   -o CMakeFiles/cmTC_ad044.dir/CheckFunctionExists.c.o   -c /usr/share/cmake-3.5/Modules/CheckFunctionExists.c
Linking C executable cmTC_ad044
/usr/bin/cmake -E cmake_link_script CMakeFiles/cmTC_ad044.dir/link.txt --verbose=1
/usr/bin/cc   -DCHECK_FUNCTION_EXISTS=pthread_create    CMakeFiles/cmTC_ad044.dir/CheckFunctionExists.c.o  -o cmTC_ad044 -rdynamic -lpthreads 
/usr/bin/ld: cannot find -lpthreads
collect2: error: ld returned 1 exit status
CMakeFiles/cmTC_ad044.dir/build.make:97: recipe for target 'cmTC_ad044' failed
make[1]: *** [cmTC_ad044] Error 1
make[1]: Leaving directory '/home/jon/ROCO318/catkin_ws/build/CMakeFiles/CMakeTmp'
Makefile:126: recipe for target 'cmTC_ad044/fast' failed
make: *** [cmTC_ad044/fast] Error 2


